<?xml version="1.0" encoding="UTF-8"?>
<!-- Generated by org.testng.reporters.JUnitReportReporter -->
<testsuite hostname="DELL" failures="0" tests="1" name="Tests.LoginTests.LoginTestCases" time="0.547" errors="0" timestamp="2023-09-05T10:00:43 CST" skipped="0">
  <testcase classname="Tests.LoginTests.LoginTestCases" name="ValidLoginTest" time="0.547"/>
</testsuite> <!-- Tests.LoginTests.LoginTestCases -->
